Optimize a model with 62970 rows, 64550 columns and 70279 nonzeros
Variable types: 0 continuous, 64550 integer (500 binary)
Coefficient statistics:
  Matrix range     [1e+00, 2e+01]
  Objective range  [9e-01, 5e+04]
  Bounds range     [1e+00, 1e+00]
  RHS range        [3e+00, 9e+01]
Found heuristic solution: objective -0
Presolve removed 61994 rows and 62241 columns
Presolve time: 0.06s
Presolved: 976 rows, 2309 columns, 5758 nonzeros
Variable types: 0 continuous, 2309 integer (679 binary)

Root relaxation: objective 3.972883e+05, 901 iterations, 0.01 seconds

    Nodes    |    Current Node    |     Objective Bounds      |     Work
 Expl Unexpl |  Obj  Depth IntInf | Incumbent    BestBd   Gap | It/Node Time

     0     0 397288.303    0   55   -0.00000 397288.303      -     -    0s
H    0     0                    395551.05584 397288.303  0.44%     -    0s
H    0     0                    396069.42103 397288.303  0.31%     -    0s
H    0     0                    396109.55672 397288.303  0.30%     -    0s
     0     0 397035.206    0   61 396109.557 397035.206  0.23%     -    0s
     0     0 397035.206    0   43 396109.557 397035.206  0.23%     -    0s
     0     0 396949.846    0   59 396109.557 396949.846  0.21%     -    0s
H    0     0                    396261.00923 396949.846  0.17%     -    0s
     0     0 396944.913    0   65 396261.009 396944.913  0.17%     -    0s
     0     0 396902.763    0   73 396261.009 396902.763  0.16%     -    0s
     0     0 396902.763    0   35 396261.009 396902.763  0.16%     -    0s
     0     0 396902.763    0   52 396261.009 396902.763  0.16%     -    0s
H    0     0                    396356.09910 396902.763  0.14%     -    0s
     0     0 396902.763    0   59 396356.099 396902.763  0.14%     -    0s
     0     0 396898.781    0   51 396356.099 396898.781  0.14%     -    0s
     0     0 396885.951    0   22 396356.099 396885.951  0.13%     -    0s
     0     0 396884.214    0   47 396356.099 396884.214  0.13%     -    0s
     0     0 396883.068    0   44 396356.099 396883.068  0.13%     -    0s
     0     0 396881.806    0   30 396356.099 396881.806  0.13%     -    0s
     0     0 396880.370    0   24 396356.099 396880.370  0.13%     -    0s
     0     0 396880.357    0   49 396356.099 396880.357  0.13%     -    0s
     0     0 396880.357    0   49 396356.099 396880.357  0.13%     -    0s
     0     0 396880.357    0   31 396356.099 396880.357  0.13%     -    0s
     0     0 396880.357    0   34 396356.099 396880.357  0.13%     -    0s
     0     0 396880.357    0   41 396356.099 396880.357  0.13%     -    0s
     0     0 396880.357    0   56 396356.099 396880.357  0.13%     -    0s
     0     0 396878.060    0   44 396356.099 396878.060  0.13%     -    0s
     0     0 396874.380    0   32 396356.099 396874.380  0.13%     -    0s
     0     0 396873.704    0   50 396356.099 396873.704  0.13%     -    0s
     0     0 396872.840    0   32 396356.099 396872.840  0.13%     -    0s
     0     0 396872.840    0   31 396356.099 396872.840  0.13%     -    0s
     0     2 396872.840    0   31 396356.099 396872.840  0.13%     -    0s
*   22    12              10    396603.72819 396664.479  0.02%   8.5    0s

Cutting planes:
  MIR: 16
  StrongCG: 1
  Flow cover: 7

Explored 51 nodes (2312 simplex iterations) in 0.52 seconds
Thread count was 4 (of 4 available processors)

Solution count 7: 396604 396356 396261 ... -0
Pool objective bound 396632

Optimal solution found (tolerance 1.00e-04)
Best objective 3.966037281880e+05, best bound 3.966320860247e+05, gap 0.0072%
